<?xml version="1.0" encoding="UTF-8"?>
<!-- Generated by org.testng.reporters.JUnitReportReporter -->
<testsuite hostname="NML190" failures="0" tests="1" name="demo.selectDropDownWebdriver" time="2.567" errors="0" timestamp="2023-12-02T11:33:58 IST" skipped="0">
  <testcase classname="demo.selectDropDownWebdriver" name="f" time="2.567"/>
  <system-out/>
</testsuite> <!-- demo.selectDropDownWebdriver -->
