<?xml version="1.0" encoding="UTF-8"?>
<!-- Generated by org.testng.reporters.JUnitReportReporter -->
<testsuite hostname="NML190" failures="0" tests="1" name="demo.windowsHandlings" time="0.445" errors="0" timestamp="2023-12-11T12:04:26 IST" skipped="0">
  <testcase classname="demo.windowsHandlings" name="f" time="0.445"/>
  <system-out/>
</testsuite> <!-- demo.windowsHandlings -->
