<?xml version="1.0" encoding="UTF-8"?>
<!-- Generated by org.testng.reporters.JUnitReportReporter -->
<testsuite hostname="NML190" failures="0" tests="1" name="demo.BootStarpDD" time="0.298" errors="0" timestamp="2023-12-05T13:28:17 IST" skipped="0">
  <testcase classname="demo.BootStarpDD" name="f" time="0.298"/>
  <system-out/>
</testsuite> <!-- demo.BootStarpDD -->
