<?xml version="1.0" encoding="UTF-8"?>
<!-- Generated by org.testng.reporters.JUnitReportReporter -->
<testsuite hostname="NML190" failures="0" tests="1" name="demo.SikuliDemo" time="9.101" errors="0" timestamp="2023-12-12T15:49:06 IST" skipped="0">
  <testcase classname="demo.SikuliDemo" name="f" time="9.101"/>
  <system-out/>
</testsuite> <!-- demo.SikuliDemo -->
