<?xml version="1.0" encoding="UTF-8"?>
<!-- Generated by org.testng.reporters.JUnitReportReporter -->
<testsuite hostname="NML190" failures="0" tests="1" name="demo.alertsHandling" time="0.103" errors="0" timestamp="2023-12-11T13:52:20 IST" skipped="0">
  <testcase classname="demo.alertsHandling" name="f" time="0.103"/>
  <system-out/>
</testsuite> <!-- demo.alertsHandling -->
