<?xml version="1.0" encoding="UTF-8"?>
<!-- Generated by org.testng.reporters.JUnitReportReporter -->
<testsuite hostname="NML190" failures="0" tests="5" name="demo.NewTest1" time="0.020" errors="0" timestamp="2023-12-14T11:21:57 IST" skipped="1">
  <testcase classname="demo.NewTest1" name="thiirdMethod" time="0.009"/>
  <system-out/>
  <testcase classname="demo.NewTest1" name="thirdMethod" time="0.004"/>
  <system-out/>
  <testcase classname="demo.NewTest1" name="seccondMethod" time="0.004"/>
  <system-out/>
  <testcase classname="demo.NewTest1" name="secondMethod" time="0.003"/>
  <system-out/>
  <testcase classname="demo.NewTest1" name="firstMethod">
    <skipped/>
  </testcase> <!-- firstMethod -->
  <system-out/>
</testsuite> <!-- demo.NewTest1 -->
