<?xml version="1.0" encoding="UTF-8"?>
<!-- Generated by org.testng.reporters.JUnitReportReporter -->
<testsuite hostname="NML190" failures="0" tests="1" name="demo.KeywboardMultipleKeys" time="0.473" errors="0" timestamp="2023-12-12T13:34:32 IST" skipped="0">
  <testcase classname="demo.KeywboardMultipleKeys" name="f" time="0.473"/>
  <system-out/>
</testsuite> <!-- demo.KeywboardMultipleKeys -->
