<?xml version="1.0" encoding="UTF-8"?>
<!-- Generated by org.testng.reporters.JUnitReportReporter -->
<testsuite hostname="NML190" failures="0" tests="1" name="demo.ActionSliderAndResize" time="0.276" errors="0" timestamp="2023-12-12T12:10:10 IST" skipped="0">
  <testcase classname="demo.ActionSliderAndResize" name="f" time="0.276"/>
  <system-out/>
</testsuite> <!-- demo.ActionSliderAndResize -->
