<?xml version="1.0" encoding="UTF-8"?>
<!-- Generated by org.testng.reporters.JUnitReportReporter -->
<testsuite hostname="NML190" failures="0" tests="2" name="demo.CrossBrowserTesting" time="2.000" errors="0" timestamp="2023-12-14T17:35:52 IST" skipped="0">
  <testcase classname="demo.CrossBrowserTesting" name="login" time="1.979"/>
  <system-out/>
  <testcase classname="demo.CrossBrowserTesting" name="verifyDahboard" time="0.021"/>
  <system-out/>
</testsuite> <!-- demo.CrossBrowserTesting -->
